# JRE version: Java(TM) SE Runtime Environment (8.0_121-b13) (build 1.8.0_121-b13)
# Java VM: Java HotSpot(TM) 64-Bit Server VM (25.121-b13 mixed mode windows-amd64 compressed oops)
Heap:
 PSYoungGen      total 67072K, used 22104K [0x00000000d5c00000, 0x00000000ddf80000, 0x0000000100000000)
  eden space 61952K, 29% used [0x00000000d5c00000,0x00000000d6deb4f8,0x00000000d9880000)
  from space 5120K, 73% used [0x00000000da200000,0x00000000da5aab50,0x00000000da700000)
  to   space 9728K, 0% used [0x00000000d9880000,0x00000000d9880000,0x00000000da200000)
 ParOldGen       total 55808K, used 9732K [0x0000000081400000, 0x0000000084a80000, 0x00000000d5c00000)
  object space 55808K, 17% used [0x0000000081400000,0x0000000081d813c0,0x0000000084a80000)
 Metaspace       used 24256K, capacity 24988K, committed 25136K, reserved 1071104K
  class space    used 3119K, capacity 3300K, committed 3376K, reserved 1048576K
GC Heap History (10 events):
Event: 2.926 GC heap before
{Heap before GC invocations=3 (full 0):
 PSYoungGen      total 38400K, used 36373K [0x00000000d5c00000, 0x00000000da700000, 0x0000000100000000)
  eden space 33280K, 100% used [0x00000000d5c00000,0x00000000d7c80000,0x00000000d7c80000)
  from space 5120K, 60% used [0x00000000d8180000,0x00000000d8485640,0x00000000d8680000)
  to   space 5120K, 0% used [0x00000000d7c80000,0x00000000d7c80000,0x00000000d8180000)
 ParOldGen       total 87552K, used 16K [0x0000000081400000, 0x0000000086980000, 0x00000000d5c00000)
  object space 87552K, 0% used [0x0000000081400000,0x0000000081404000,0x0000000086980000)
 Metaspace       used 12333K, capacity 12760K, committed 13056K, reserved 1060864K
  class space    used 1526K, capacity 1667K, committed 1792K, reserved 1048576K
Event: 2.932 GC heap after
Heap after GC invocations=3 (full 0):
 PSYoungGen      total 38400K, used 4891K [0x00000000d5c00000, 0x00000000da700000, 0x0000000100000000)
  eden space 33280K, 0% used [0x00000000d5c00000,0x00000000d5c00000,0x00000000d7c80000)
  from space 5120K, 95% used [0x00000000d7c80000,0x00000000d8146ce0,0x00000000d8180000)
  to   space 5120K, 0% used [0x00000000da200000,0x00000000da200000,0x00000000da700000)
 ParOldGen       total 87552K, used 24K [0x0000000081400000, 0x0000000086980000, 0x00000000d5c00000)
  object space 87552K, 0% used [0x0000000081400000,0x0000000081406000,0x0000000086980000)
 Metaspace       used 12333K, capacity 12760K, committed 13056K, reserved 1060864K
  class space    used 1526K, capacity 1667K, committed 1792K, reserved 1048576K
}
Event: 3.253 GC heap before
{Heap before GC invocations=4 (full 0):
 PSYoungGen      total 38400K, used 38171K [0x00000000d5c00000, 0x00000000da700000, 0x0000000100000000)
  eden space 33280K, 100% used [0x00000000d5c00000,0x00000000d7c80000,0x00000000d7c80000)
  from space 5120K, 95% used [0x00000000d7c80000,0x00000000d8146ce0,0x00000000d8180000)
  to   space 5120K, 0% used [0x00000000da200000,0x00000000da200000,0x00000000da700000)
 ParOldGen       total 87552K, used 24K [0x0000000081400000, 0x0000000086980000, 0x00000000d5c00000)
  object space 87552K, 0% used [0x0000000081400000,0x0000000081406000,0x0000000086980000)
 Metaspace       used 14538K, capacity 15024K, committed 15104K, reserved 1062912K
  class space    used 1913K, capacity 2045K, committed 2048K, reserved 1048576K
Event: 3.271 GC heap after
Heap after GC invocations=4 (full 0):
 PSYoungGen      total 71680K, used 5098K [0x00000000d5c00000, 0x00000000da700000, 0x0000000100000000)
  eden space 66560K, 0% used [0x00000000d5c00000,0x00000000d5c00000,0x00000000d9d00000)
  from space 5120K, 99% used [0x00000000da200000,0x00000000da6fa908,0x00000000da700000)
  to   space 5120K, 0% used [0x00000000d9d00000,0x00000000d9d00000,0x00000000da200000)
 ParOldGen       total 87552K, used 672K [0x0000000081400000, 0x0000000086980000, 0x00000000d5c00000)
  object space 87552K, 0% used [0x0000000081400000,0x00000000814a83c0,0x0000000086980000)
 Metaspace       used 14538K, capacity 15024K, committed 15104K, reserved 1062912K
  class space    used 1913K, capacity 2045K, committed 2048K, reserved 1048576K
}
Event: 3.637 GC heap before
{Heap before GC invocations=5 (full 0):
 PSYoungGen      total 71680K, used 63731K [0x00000000d5c00000, 0x00000000da700000, 0x0000000100000000)
  eden space 66560K, 88% used [0x00000000d5c00000,0x00000000d95424f0,0x00000000d9d00000)
  from space 5120K, 99% used [0x00000000da200000,0x00000000da6fa908,0x00000000da700000)
  to   space 5120K, 0% used [0x00000000d9d00000,0x00000000d9d00000,0x00000000da200000)
 ParOldGen       total 87552K, used 672K [0x0000000081400000, 0x0000000086980000, 0x00000000d5c00000)
  object space 87552K, 0% used [0x0000000081400000,0x00000000814a83c0,0x0000000086980000)
 Metaspace       used 20695K, capacity 21232K, committed 21296K, reserved 1067008K
  class space    used 2673K, capacity 2831K, committed 2864K, reserved 1048576K
Event: 3.646 GC heap after
Heap after GC invocations=5 (full 0):
 PSYoungGen      total 71680K, used 5088K [0x00000000d5c00000, 0x00000000da700000, 0x0000000100000000)
  eden space 66560K, 0% used [0x00000000d5c00000,0x00000000d5c00000,0x00000000d9d00000)
  from space 5120K, 99% used [0x00000000d9d00000,0x00000000da1f83f8,0x00000000da200000)
  to   space 5120K, 0% used [0x00000000da200000,0x00000000da200000,0x00000000da700000)
 ParOldGen       total 87552K, used 5539K [0x0000000081400000, 0x0000000086980000, 0x00000000d5c00000)
  object space 87552K, 6% used [0x0000000081400000,0x0000000081968fe8,0x0000000086980000)
 Metaspace       used 20695K, capacity 21232K, committed 21296K, reserved 1067008K
  class space    used 2673K, capacity 2831K, committed 2864K, reserved 1048576K
}
Event: 3.646 GC heap before
{Heap before GC invocations=6 (full 1):
 PSYoungGen      total 71680K, used 5088K [0x00000000d5c00000, 0x00000000da700000, 0x0000000100000000)
  eden space 66560K, 0% used [0x00000000d5c00000,0x00000000d5c00000,0x00000000d9d00000)
  from space 5120K, 99% used [0x00000000d9d00000,0x00000000da1f83f8,0x00000000da200000)
  to   space 5120K, 0% used [0x00000000da200000,0x00000000da200000,0x00000000da700000)
 ParOldGen       total 87552K, used 5539K [0x0000000081400000, 0x0000000086980000, 0x00000000d5c00000)
  object space 87552K, 6% used [0x0000000081400000,0x0000000081968fe8,0x0000000086980000)
 Metaspace       used 20695K, capacity 21232K, committed 21296K, reserved 1067008K
  class space    used 2673K, capacity 2831K, committed 2864K, reserved 1048576K
Event: 3.673 GC heap after
Heap after GC invocations=6 (full 1):
 PSYoungGen      total 71680K, used 0K [0x00000000d5c00000, 0x00000000da700000, 0x0000000100000000)
  eden space 66560K, 0% used [0x00000000d5c00000,0x00000000d5c00000,0x00000000d9d00000)
  from space 5120K, 0% used [0x00000000d9d00000,0x00000000d9d00000,0x00000000da200000)
  to   space 5120K, 0% used [0x00000000da200000,0x00000000da200000,0x00000000da700000)
 ParOldGen       total 55808K, used 9660K [0x0000000081400000, 0x0000000084a80000, 0x00000000d5c00000)
  object space 55808K, 17% used [0x0000000081400000,0x0000000081d6f3b0,0x0000000084a80000)
 Metaspace       used 20695K, capacity 21232K, committed 21296K, reserved 1067008K
  class space    used 2673K, capacity 2831K, committed 2864K, reserved 1048576K
}
Event: 4.025 GC heap before
{Heap before GC invocations=7 (full 1):
 PSYoungGen      total 71680K, used 66560K [0x00000000d5c00000, 0x00000000da700000, 0x0000000100000000)
  eden space 66560K, 100% used [0x00000000d5c00000,0x00000000d9d00000,0x00000000d9d00000)
  from space 5120K, 0% used [0x00000000d9d00000,0x00000000d9d00000,0x00000000da200000)
  to   space 5120K, 0% used [0x00000000da200000,0x00000000da200000,0x00000000da700000)
 ParOldGen       total 55808K, used 9660K [0x0000000081400000, 0x0000000084a80000, 0x00000000d5c00000)
  object space 55808K, 17% used [0x0000000081400000,0x0000000081d6f3b0,0x0000000084a80000)
 Metaspace       used 23686K, capacity 24380K, committed 24496K, reserved 1071104K
  class space    used 3035K, capacity 3186K, committed 3248K, reserved 1048576K
Event: 4.030 GC heap after
Heap after GC invocations=7 (full 1):
 PSYoungGen      total 67072K, used 3754K [0x00000000d5c00000, 0x00000000ddf80000, 0x0000000100000000)
  eden space 61952K, 0% used [0x00000000d5c00000,0x00000000d5c00000,0x00000000d9880000)
  from space 5120K, 73% used [0x00000000da200000,0x00000000da5aab50,0x00000000da700000)
  to   space 9728K, 0% used [0x00000000d9880000,0x00000000d9880000,0x00000000da200000)
 ParOldGen       total 55808K, used 9732K [0x0000000081400000, 0x0000000084a80000, 0x00000000d5c00000)
  object space 55808K, 17% used [0x0000000081400000,0x0000000081d813c0,0x0000000084a80000)
 Metaspace       used 23686K, capacity 24380K, committed 24496K, reserved 1071104K
  class space    used 3035K, capacity 3186K, committed 3248K, reserved 1048576K
}

